<?xml version="1.0" encoding="UTF-8"?>
<!-- Generated by org.testng.reporters.JUnitReportReporter -->
<testsuite hostname="DESKTOP-S7CST43" failures="0" tests="1" name="testCases.TC01_AccountRegistrationTest" time="0.139" errors="0" timestamp="2024-10-14T02:55:03 EDT" skipped="0">
  <testcase classname="testCases.TC01_AccountRegistrationTest" name="verifyAccountCreated" time="0.139"/>
</testsuite> <!-- testCases.TC01_AccountRegistrationTest -->
