<?xml version="1.0" encoding="UTF-8"?>
<!-- Generated by org.testng.reporters.JUnitReportReporter -->
<testsuite hostname="DESKTOP-S7CST43" failures="0" tests="2" name="testCases.TC01_AccountRegistrationTest" time="12.498" errors="0" timestamp="2024-10-14T11:08:14 EDT" skipped="0">
  <testcase classname="testCases.TC01_AccountRegistrationTest" name="verifyAccountCreated" time="6.695"/>
  <testcase classname="testCases.TC01_AccountRegistrationTest" name="verifyAccountCreated" time="5.803"/>
</testsuite> <!-- testCases.TC01_AccountRegistrationTest -->
